<?xml version="1.0" encoding="UTF-8"?>
<!-- Generated by org.testng.reporters.JUnitReportReporter -->
<testsuite skipped="0" hostname="WIN-5C6O6N6QT31" name="Selenium.HomePage" tests="1" failures="0" timestamp="2021-07-12T23:25:53 IST" time="0.078" errors="0">
  <testcase name="basepageNavigation" time="0.078" classname="Selenium.HomePage"/>
  <system-out/>
</testsuite> <!-- Selenium.HomePage -->
